00:00:01.243312 VirtualBox GUI VM Selector Window 7.2.2 r170484 win.amd64 (Sep 10 2025 19:56:01) release log
00:00:01.243314 Log opened 2025-12-03T19:56:02.398392000Z
00:00:01.243315 Build Type: release
00:00:01.243317 OS Product: Windows 10
00:00:01.243387 OS Release: 10.0.19045.6466
00:00:01.243388 OS Service Pack: 
00:00:01.257673 DMI Product Name: OEM
00:00:01.261693 DMI Product Version: OEM
00:00:01.261704 Firmware type: BIOS
00:00:01.261710 Host RAM: 12279MB (11.9GB) total, 9598MB (9.3GB) available
00:00:01.261716 Executable: C:\Program Files\Oracle\VirtualBox\VirtualBox.exe
00:00:01.261717 Process ID: 8820
00:00:01.261717 Package type: WINDOWS_64BITS_GENERIC
00:00:01.261718 Windows Features:
00:00:01.261718   Core Isolation (Memory Integrity): Not supported
00:00:01.261874 Qt version: 6.8.0
00:00:01.264263 GUI: UIMediumEnumerator: Initial medium-enumeration finished!
00:00:01.320376 GUI: UIMediumEnumerator: Medium-enumeration started...
00:00:03.472290 GUI: UIMediumEnumerator: Medium-enumeration finished!
00:00:03.576269 GUI: UIMediumEnumerator: Medium-enumeration finished!
00:00:28.187249 GUI: UIMediumEnumerator: Medium-enumeration finished!
00:00:47.222677 GUI: UICommon: Handling aboutToQuit request..
00:00:48.271868 GUI: UICommon: aboutToQuit request handled!
